This is pdfTeX, Version 3.14159265-2.6-1.40.17 (TeX Live 2016/Debian) (preloaded format=pdflatex 2017.9.16)  21 SEP 2017 10:50
entering extended mode
 restricted \write18 enabled.
 %&-line parsing enabled.
**"Praca Magisterska - MM.tex"
(./Praca Magisterska - MM.tex
LaTeX2e <2017/01/01> patch level 3
Babel <3.9r> and hyphenation patterns for 83 language(s) loaded.
(./pracamgr.cls
Document Class: pracamgr 2006/05/05 v0.5.0 Praca magisterska
(/usr/share/texlive/texmf-dist/tex/latex/base/report.cls
Document Class: report 2014/09/29 v1.4h Standard LaTeX document class
(/usr/share/texlive/texmf-dist/tex/latex/base/size11.clo
File: size11.clo 2014/09/29 v1.4h Standard LaTeX file (size option)
)
\c@part=\count79
\c@chapter=\count80
\c@section=\count81
\c@subsection=\count82
\c@subsubsection=\count83
\c@paragraph=\count84
\c@subparagraph=\count85
\c@figure=\count86
\c@table=\count87
\abovecaptionskip=\skip41
\belowcaptionskip=\skip42
\bibindent=\dimen102
))
(/usr/share/texlive/texmf-dist/tex/latex/base/inputenc.sty
Package: inputenc 2015/03/17 v1.2c Input encoding file
\inpenc@prehook=\toks14
\inpenc@posthook=\toks15

(/usr/share/texlive/texmf-dist/tex/latex/base/latin2.def
File: latin2.def 2015/03/17 v1.2c Input encoding file
))
(/usr/share/texlive/texmf-dist/tex/latex/base/fontenc.sty
Package: fontenc 2017/02/22 v2.0g Standard LaTeX package

(/usr/share/texlive/texmf-dist/tex/latex/base/t1enc.def
File: t1enc.def 2017/02/22 v2.0g Standard LaTeX file
LaTeX Font Info:    Redeclaring font encoding T1 on input line 48.
))
(/usr/share/texlive/texmf-dist/tex/generic/babel/babel.sty
Package: babel 2016/04/23 3.9r The Babel package

(/usr/share/texlive/texmf-dist/tex/generic/babel-english/english.ldf
Language: english 2012/08/20 v3.3p English support from the babel system

(/usr/share/texlive/texmf-dist/tex/generic/babel/babel.def
File: babel.def 2016/04/23 3.9r Babel common definitions
\babel@savecnt=\count88
\U@D=\dimen103
)
\l@canadian = a dialect from \language\l@american 
\l@australian = a dialect from \language\l@british 
\l@newzealand = a dialect from \language\l@british 
)
(/usr/share/texlive/texmf-dist/tex/generic/babel-polish/polish.ldf
Language: polish 2005/03/31 v1.2l Polish support from the babel system
Package babel Info: Making " an active character on input line 83.
\pl@left=\dimen104
\pl@down=\dimen105
\pl@right=\dimen106
\pl@temp=\dimen107
))
(/usr/share/texlive/texmf-dist/tex/latex/polski/polski.sty
Package: polski 2008/02/24 v1.3.3 Polish language package

Document language package `polski' v1.3.3 <2008/02/24>
   Inputenc package detected. Catcodes not changed.
) (/usr/share/texlive/texmf-dist/tex/latex/amsfonts/amsfonts.sty
Package: amsfonts 2013/01/14 v3.01 Basic AMSFonts support
\@emptytoks=\toks16
\symAMSa=\mathgroup4
\symAMSb=\mathgroup5
LaTeX Font Info:    Overwriting math alphabet `\mathfrak' in version `bold'
(Font)                  U/euf/m/n --> U/euf/b/n on input line 106.
)
(/usr/share/texlive/texmf-dist/tex/latex/amsmath/amsmath.sty
Package: amsmath 2016/11/05 v2.16a AMS math features
\@mathmargin=\skip43

For additional information on amsmath, use the `?' option.
(/usr/share/texlive/texmf-dist/tex/latex/amsmath/amstext.sty
Package: amstext 2000/06/29 v2.01 AMS text

(/usr/share/texlive/texmf-dist/tex/latex/amsmath/amsgen.sty
File: amsgen.sty 1999/11/30 v2.0 generic functions
\@emptytoks=\toks17
\ex@=\dimen108
))
(/usr/share/texlive/texmf-dist/tex/latex/amsmath/amsbsy.sty
Package: amsbsy 1999/11/29 v1.2d Bold Symbols
\pmbraise@=\dimen109
)
(/usr/share/texlive/texmf-dist/tex/latex/amsmath/amsopn.sty
Package: amsopn 2016/03/08 v2.02 operator names
)
\inf@bad=\count89
LaTeX Info: Redefining \frac on input line 213.
\uproot@=\count90
\leftroot@=\count91
LaTeX Info: Redefining \overline on input line 375.
\classnum@=\count92
\DOTSCASE@=\count93
LaTeX Info: Redefining \ldots on input line 472.
LaTeX Info: Redefining \dots on input line 475.
LaTeX Info: Redefining \cdots on input line 596.
\Mathstrutbox@=\box26
\strutbox@=\box27
\big@size=\dimen110
LaTeX Font Info:    Redeclaring font encoding OML on input line 712.
LaTeX Font Info:    Redeclaring font encoding OMS on input line 713.
\macc@depth=\count94
\c@MaxMatrixCols=\count95
\dotsspace@=\muskip10
\c@parentequation=\count96
\dspbrk@lvl=\count97
\tag@help=\toks18
\row@=\count98
\column@=\count99
\maxfields@=\count100
\andhelp@=\toks19
\eqnshift@=\dimen111
\alignsep@=\dimen112
\tagshift@=\dimen113
\tagwidth@=\dimen114
\totwidth@=\dimen115
\lineht@=\dimen116
\@envbody=\toks20
\multlinegap=\skip44
\multlinetaggap=\skip45
\mathdisplay@stack=\toks21
LaTeX Info: Redefining \[ on input line 2817.
LaTeX Info: Redefining \] on input line 2818.
)
(/usr/share/texlive/texmf-dist/tex/latex/graphics/graphicx.sty
Package: graphicx 2014/10/28 v1.0g Enhanced LaTeX Graphics (DPC,SPQR)

(/usr/share/texlive/texmf-dist/tex/latex/graphics/keyval.sty
Package: keyval 2014/10/28 v1.15 key=value parser (DPC)
\KV@toks@=\toks22
)
(/usr/share/texlive/texmf-dist/tex/latex/graphics/graphics.sty
Package: graphics 2016/10/09 v1.0u Standard LaTeX Graphics (DPC,SPQR)

(/usr/share/texlive/texmf-dist/tex/latex/graphics/trig.sty
Package: trig 2016/01/03 v1.10 sin cos tan (DPC)
)
(/usr/share/texlive/texmf-dist/tex/latex/graphics-cfg/graphics.cfg
File: graphics.cfg 2016/06/04 v1.11 sample graphics configuration
)
Package graphics Info: Driver file: pdftex.def on input line 99.

(/usr/share/texlive/texmf-dist/tex/latex/graphics-def/pdftex.def
File: pdftex.def 2017/01/12 v0.06k Graphics/color for pdfTeX

(/usr/share/texlive/texmf-dist/tex/generic/oberdiek/infwarerr.sty
Package: infwarerr 2016/05/16 v1.4 Providing info/warning/error messages (HO)
)
(/usr/share/texlive/texmf-dist/tex/generic/oberdiek/ltxcmds.sty
Package: ltxcmds 2016/05/16 v1.23 LaTeX kernel commands for general use (HO)
)
\Gread@gobject=\count101
))
\Gin@req@height=\dimen117
\Gin@req@width=\dimen118
)
(/usr/share/texlive/texmf-dist/tex/latex/enumitem/enumitem.sty
Package: enumitem 2011/09/28 v3.5.2 Customized lists
\labelindent=\skip46
\enit@outerparindent=\dimen119
\enit@toks=\toks23
\enit@inbox=\box28
\enitdp@description=\count102
)
(/usr/share/texlive/texmf-dist/tex/latex/algorithm2e/algorithm2e.sty
Package: algorithm2e 2013/01/06 v5.00 algorithms environments
\c@AlgoLine=\count103

(/usr/share/texlive/texmf-dist/tex/latex/base/ifthen.sty
Package: ifthen 2014/09/29 v1.1c Standard LaTeX ifthen package (DPC)
)
\algocf@hangindent=\skip47

(/usr/share/texlive/texmf-dist/tex/latex/tools/xspace.sty
Package: xspace 2014/10/28 v1.13 Space after command names (DPC,MH)
)
(/usr/share/texlive/texmf-dist/tex/latex/relsize/relsize.sty
Package: relsize 2013/03/29 ver 4.1
)
********************************************************
Package `algorithm2e' Release 5.1 -- october 19 2015 --
- algorithm2e-announce@lirmm.fr mailing list for announcement about releases
- algorithm2e-discussion@lirmm.fr mailing list for discussion about package
subscribe by emailing sympa@lirmm.fr with 'subscribe <list> <firstname name>'
- Author: Christophe Fiorio (christophe.fiorio@umontpellier.fr)
********************************************************
\skiptotal=\skip48
\skiplinenumber=\skip49
\skiprule=\skip50
\skiphlne=\skip51
\skiptext=\skip52
\skiplength=\skip53
\algomargin=\skip54
\skipalgocfslide=\skip55
\algowidth=\dimen120
\inoutsize=\dimen121
\inoutindent=\dimen122
\interspacetitleruled=\dimen123
\interspacealgoruled=\dimen124
\interspacetitleboxruled=\dimen125
\algocf@ruledwidth=\skip56
\algocf@inoutbox=\box29
\algocf@inputbox=\box30
\AlCapSkip=\skip57
\AlCapHSkip=\skip58
\algoskipindent=\skip59
\algocf@nlbox=\box31
\algocf@hangingbox=\box32
\algocf@untilbox=\box33
\algocf@skipuntil=\skip60
\algocf@capbox=\box34
\algoheightruledefault=\skip61
\algoheightrule=\skip62
\algotitleheightruledefault=\skip63
\algotitleheightrule=\skip64
\c@algocfline=\count104
\c@algocfproc=\count105
\c@algocf=\count106
\algocf@algoframe=\box35
\algocf@algobox=\box36
)
\c@defi=\count107
\c@przyklad=\count108
\c@uwaga=\count109
\c@twierdzenie=\count110
 (./Praca Magisterska - MM.aux)
\openout1 = `"Praca Magisterska - MM.aux"'.

LaTeX Font Info:    Checking defaults for OML/cmm/m/it on input line 67.
LaTeX Font Info:    ... okay on input line 67.
LaTeX Font Info:    Checking defaults for T1/cmr/m/n on input line 67.
LaTeX Font Info:    ... okay on input line 67.
LaTeX Font Info:    Checking defaults for OT1/cmr/m/n on input line 67.
LaTeX Font Info:    ... okay on input line 67.
LaTeX Font Info:    Checking defaults for OMS/cmsy/m/n on input line 67.
LaTeX Font Info:    ... okay on input line 67.
LaTeX Font Info:    Checking defaults for OMX/cmex/m/n on input line 67.
LaTeX Font Info:    ... okay on input line 67.
LaTeX Font Info:    Checking defaults for U/cmr/m/n on input line 67.
LaTeX Font Info:    ... okay on input line 67.

(/usr/share/texlive/texmf-dist/tex/context/base/mkii/supp-pdf.mkii
[Loading MPS to PDF converter (version 2006.09.02).]
\scratchcounter=\count111
\scratchdimen=\dimen126
\scratchbox=\box37
\nofMPsegments=\count112
\nofMParguments=\count113
\everyMPshowfont=\toks24
\MPscratchCnt=\count114
\MPscratchDim=\dimen127
\MPnumerator=\count115
\makeMPintoPDFobject=\count116
\everyMPtoPDFconversion=\toks25
) (/usr/share/texlive/texmf-dist/tex/generic/oberdiek/pdftexcmds.sty
Package: pdftexcmds 2016/05/21 v0.22 Utility functions of pdfTeX for LuaTeX (HO
)

(/usr/share/texlive/texmf-dist/tex/generic/oberdiek/ifluatex.sty
Package: ifluatex 2016/05/16 v1.4 Provides the ifluatex switch (HO)
Package ifluatex Info: LuaTeX not detected.
)
(/usr/share/texlive/texmf-dist/tex/generic/oberdiek/ifpdf.sty
Package: ifpdf 2016/05/14 v3.1 Provides the ifpdf switch
)
Package pdftexcmds Info: LuaTeX not detected.
Package pdftexcmds Info: \pdf@primitive is available.
Package pdftexcmds Info: \pdf@ifprimitive is available.
Package pdftexcmds Info: \pdfdraftmode found.
)
(/usr/share/texlive/texmf-dist/tex/latex/oberdiek/epstopdf-base.sty
Package: epstopdf-base 2016/05/15 v2.6 Base part for package epstopdf

(/usr/share/texlive/texmf-dist/tex/latex/oberdiek/grfext.sty
Package: grfext 2016/05/16 v1.2 Manage graphics extensions (HO)

(/usr/share/texlive/texmf-dist/tex/generic/oberdiek/kvdefinekeys.sty
Package: kvdefinekeys 2016/05/16 v1.4 Define keys (HO)
))
(/usr/share/texlive/texmf-dist/tex/latex/oberdiek/kvoptions.sty
Package: kvoptions 2016/05/16 v3.12 Key value format for package options (HO)

(/usr/share/texlive/texmf-dist/tex/generic/oberdiek/kvsetkeys.sty
Package: kvsetkeys 2016/05/16 v1.17 Key value parser (HO)

(/usr/share/texlive/texmf-dist/tex/generic/oberdiek/etexcmds.sty
Package: etexcmds 2016/05/16 v1.6 Avoid name clashes with e-TeX commands (HO)
Package etexcmds Info: Could not find \expanded.
(etexcmds)             That can mean that you are not using pdfTeX 1.50 or
(etexcmds)             that some package has redefined \expanded.
(etexcmds)             In the latter case, load this package earlier.
)))
Package epstopdf-base Info: Redefining graphics rule for `.eps' on input line 4
38.
Package grfext Info: Graphics extension search list:
(grfext)             [.png,.pdf,.jpg,.mps,.jpeg,.jbig2,.jb2,.PNG,.PDF,.JPG,.JPE
G,.JBIG2,.JB2,.eps]
(grfext)             \AppendGraphicsExtensions on input line 456.

(/usr/share/texlive/texmf-dist/tex/latex/latexconfig/epstopdf-sys.cfg
File: epstopdf-sys.cfg 2010/07/13 v1.3 Configuration of (r)epstopdf for TeX Liv
e
))
LaTeX Font Info:    Try loading font information for U+msa on input line 68.

(/usr/share/texlive/texmf-dist/tex/latex/amsfonts/umsa.fd
File: umsa.fd 2013/01/14 v3.01 AMS symbols A
)
LaTeX Font Info:    Try loading font information for U+msb on input line 68.

(/usr/share/texlive/texmf-dist/tex/latex/amsfonts/umsb.fd
File: umsb.fd 2013/01/14 v3.01 AMS symbols B
) [1

{/var/lib/texmf/fonts/map/pdftex/updmap/pdftex.map}] [2]
Underfull \hbox (badness 10000) in paragraph at lines 73--73

 []

[1] [2

] (./Praca Magisterska - MM.toc [3

])
\tf@toc=\write3
\openout3 = `"Praca Magisterska - MM.toc"'.

 [4]
LaTeX Font Info:    Try loading font information for OMS+cmr on input line 84.

(/usr/share/texlive/texmf-dist/tex/latex/base/omscmr.fd
File: omscmr.fd 2014/09/29 v2.5h Standard LaTeX font definitions
)
LaTeX Font Info:    Font shape `OMS/cmr/m/n' in size <10.95> not available
(Font)              Font shape `OMS/cmsy/m/n' tried instead on input line 84.
 [5

] [6]
Rozdzia\l  1.
[7

] [8] [9] [10

]
Rozdzia\l  2.
[11] <Regresja1.png, id=63, 607.26875pt x 352.31625pt>
File: Regresja1.png Graphic file (type png)
 <use Regresja1.png>
Package pdftex.def Info: Regresja1.png used on input line 162.
(pdftex.def)             Requested size: 303.63364pt x 176.15768pt.

[12 <./Regresja1.png (PNG copy)>] <torus_tsne.png, id=69, 578.16pt x 433.62pt>
File: torus_tsne.png Graphic file (type png)

<use torus_tsne.png>
Package pdftex.def Info: torus_tsne.png used on input line 202.
(pdftex.def)             Requested size: 289.07928pt x 216.80946pt.
 [13] <overfitting.png, id=74, 1233.6489pt x 574.5465pt>
File: overfitting.png Graphic file (type png)

<use overfitting.png>
Package pdftex.def Info: overfitting.png used on input line 219.
(pdftex.def)             Requested size: 456.44295pt x 212.57887pt.

Overfull \hbox (15.42522pt too wide) in paragraph at lines 219--220
 [] 
 []

[14 <./overfitting.png> <./torus_tsne.png>] [15] [16]
<r-o-p.png, id=88, 1027.84pt x 770.88pt>
File: r-o-p.png Graphic file (type png)
 <use r-o-p.png>
Package pdftex.def Info: r-o-p.png used on input line 286.
(pdftex.def)             Requested size: 359.74939pt x 269.81204pt.
 [17 <./r-o-p.png (PNG copy)>] [18] [19]
LaTeX Font Info:    Font shape `OMS/cmr/m/it' in size <10.95> not available
(Font)              Font shape `OMS/cmsy/m/n' tried instead on input line 363.
 <Sigmoid-wykres.png, id=99, 607.26875pt x 352.31625pt>
File: Sigmoid-wykres.png Graphic file (type png)

<use Sigmoid-wykres.png>
Package pdftex.def Info: Sigmoid-wykres.png used on input line 372.
(pdftex.def)             Requested size: 425.08524pt x 246.61969pt.
 [20 <./Sigmoid-wykres.png>]
Overfull \hbox (1.73753pt too wide) in paragraph at lines 392--393
\T1/cmr/m/n/10.95 prze-ksztaª-ce-nia li-nio-wego, miast funk-cji sig-mo-idal-ne
j u»ywa si¦ tzw. funk-cji \T1/cmr/m/it/10.95 so-ft-max $\OML/cmm/m/it/10.95 Sof
tmax \OT1/cmr/m/n/10.95 :
 []


Overfull \hbox (15.07568pt too wide) in paragraph at lines 406--407
\T1/cmr/m/it/10.95 mul-ti-no-mialn¡ $\OML/cmm/m/it/10.95 F$ \T1/cmr/m/n/10.95 b
¦-dziemy na-zy-wa¢ funk-cj¦ $\U/msb/m/n/10.95 R[] \OMS/cmsy/m/n/10.95 ! \U/msb/
m/n/10.95 R[]$ \T1/cmr/m/n/10.95 za-dan¡ wzo-rem $\OML/cmm/m/it/10.95 F[]\OT1/c
mr/m/n/10.95 (\OML/cmm/m/it/10.95 x\OT1/cmr/m/n/10.95 ) = \OML/cmm/m/it/10.95 S
oftmax\OT1/cmr/m/n/10.95 (\OML/cmm/m/it/10.95 M[]\OT1/cmr/m/n/10.95 (\OML/cmm/m
/it/10.95 x\OT1/cmr/m/n/10.95 ))$\T1/cmr/m/n/10.95 .
 []

[21] <SiecXor.png, id=107, 377.41pt x 253.94875pt>
File: SiecXor.png Graphic file (type png)
 <use SiecXor.png>
Package pdftex.def Info: SiecXor.png used on input line 440.
(pdftex.def)             Requested size: 264.1852pt x 177.76291pt.
 [22]
<Recurrent.png, id=111, 161.60374pt x 201.75375pt>
File: Recurrent.png Graphic file (type png)
 <use Recurrent.png>
Package pdftex.def Info: Recurrent.png used on input line 448.
(pdftex.def)             Requested size: 113.12184pt x 141.22665pt.
 [23 <./SiecXor.png> <./Recurrent.png>]
<Backprop.png, id=118, 263.98625pt x 306.14375pt>
File: Backprop.png Graphic file (type png)
 <use Backprop.png>
Package pdftex.def Info: Backprop.png used on input line 474.
(pdftex.def)             Requested size: 184.78911pt x 214.29915pt.
 [24 <./Backprop.png>]
LaTeX Font Info:    Try loading font information for T1+cmtt on input line 521.

 (/usr/share/texlive/texmf-dist/tex/latex/base/t1cmtt.fd
File: t1cmtt.fd 2014/09/29 v2.5h Standard LaTeX font definitions
) [25]
[26] [27] [28] [29]
<zeilercnnfeatures.jpeg, id=142, 876.27374pt x 336.25626pt>
File: zeilercnnfeatures.jpeg Graphic file (type jpg)

<use zeilercnnfeatures.jpeg>
Package pdftex.def Info: zeilercnnfeatures.jpeg used on input line 665.
(pdftex.def)             Requested size: 420.60661pt x 161.40117pt.
 [30 <./zeilercnnfeatures.jpeg>] [31] [32

]
Rozdzia\l  3.
[33] <2d_conv.png, id=155, 312.16624pt x 168.63pt>
File: 2d_conv.png Graphic file (type png)
 <use 2d_conv.png>
Package pdftex.def Info: 2d_conv.png used on input line 721.
(pdftex.def)             Requested size: 218.51488pt x 118.04018pt.

<1d_conv.png, id=156, 324.21124pt x 131.49126pt>
File: 1d_conv.png Graphic file (type png)
 <use 1d_conv.png>
Package pdftex.def Info: 1d_conv.png used on input line 727.
(pdftex.def)             Requested size: 226.94632pt x 92.04324pt.
 [34 <./2d_conv.png>]
Overfull \hbox (7.13329pt too wide) in paragraph at lines 748--749
[]$[]$ \T1/cmr/m/n/10.95 dla tzw. \T1/cmr/m/it/10.95 braku do-
 []

[35 <./1d_conv.png>]
Overfull \hbox (13.96541pt too wide) in paragraph at lines 749--750
[]$[]$ \T1/cmr/m/n/10.95 dla
 []

<conv1.png, id=168, 604.2575pt x 521.95pt>
File: conv1.png Graphic file (type png)
 <use conv1.png>
Package pdftex.def Info: conv1.png used on input line 757.
(pdftex.def)             Requested size: 362.5573pt x 313.17241pt.
 [36 <./conv1.png (PNG copy)>] <pools.png, id=172, 853.1875pt x 215.80624pt>
File: pools.png Graphic file (type png)
 <use pools.png>
Package pdftex.def Info: pools.png used on input line 769.
(pdftex.def)             Requested size: 426.59271pt x 107.90285pt.

<lenet.png, id=173, 803.0pt x 235.88126pt>
File: lenet.png Graphic file (type png)
 <use lenet.png>
Package pdftex.def Info: lenet.png used on input line 786.
(pdftex.def)             Requested size: 401.49902pt x 117.94034pt.

<alex-net.png, id=174, 335.2525pt x 151.56625pt>
File: alex-net.png Graphic file (type png)
 <use alex-net.png>
Package pdftex.def Info: alex-net.png used on input line 795.
(pdftex.def)             Requested size: 301.72446pt x 136.40836pt.
 [37 <./pools.png>] <relu.png, id=179, 259.97125pt x 194.7275pt>
File: relu.png Graphic file (type png)
 <use relu.png>
Package pdftex.def Info: relu.png used on input line 806.
(pdftex.def)             Requested size: 207.97728pt x 155.7822pt.
 [38 <./lenet.png> <./alex-net.png>] <leaky-relu.png, id=185, 501.875pt x 438.6
3875pt>
File: leaky-relu.png Graphic file (type png)

<use leaky-relu.png>
Package pdftex.def Info: leaky-relu.png used on input line 819.
(pdftex.def)             Requested size: 250.93687pt x 219.31883pt.
 <gpu-cpu.png, id=186, 672.5928pt x 458.6736pt>
File: gpu-cpu.png Graphic file (type png)

<use gpu-cpu.png>
Package pdftex.def Info: gpu-cpu.png used on input line 828.
(pdftex.def)             Requested size: 269.03235pt x 183.46619pt.
 [39 <./relu.png> <./leaky-relu.png (PNG copy)>]
<augmentation.png, id=191, 301.125pt x 107.90312pt>
File: augmentation.png Graphic file (type png)
 <use augmentation.png>
Package pdftex.def Info: augmentation.png used on input line 847.
(pdftex.def)             Requested size: 421.57211pt x 151.06332pt.

<dropout-nn.png, id=192, 789.95125pt x 770.88pt>
File: dropout-nn.png Graphic file (type png)
 <use dropout-nn.png>
Package pdftex.def Info: dropout-nn.png used on input line 856.
(pdftex.def)             Requested size: 394.97466pt x 385.43906pt.
 [40 <./gpu-cpu.png>] <vgg-19.png, id=197, 853.1875pt x 242.9075pt>
File: vgg-19.png Graphic file (type png)
 <use vgg-19.png>
Package pdftex.def Info: vgg-19.png used on input line 865.
(pdftex.def)             Requested size: 426.59271pt x 121.45345pt.

<inception-net.png, id=198, 436.63126pt x 116.435pt>
File: inception-net.png Graphic file (type png)
 <use inception-net.png>
Package pdftex.def Info: inception-net.png used on input line 876.
(pdftex.def)             Requested size: 392.9645pt x 104.79051pt.

[41 <./augmentation.png>] [42 <./dropout-nn.png (PNG copy)> <./vgg-19.png>]
[43 <./inception-net.png>]
<inception-block.jpeg, id=212, 310.15875pt x 163.61125pt>
File: inception-block.jpeg Graphic file (type jpg)

<use inception-block.jpeg>
Package pdftex.def Info: inception-block.jpeg used on input line 922.
(pdftex.def)             Requested size: 279.14029pt x 147.24875pt.
 [44 <./inception-block.jpeg>]
<residual.png, id=216, 297.11pt x 170.6375pt>
File: residual.png Graphic file (type png)
 <use residual.png>
Package pdftex.def Info: residual.png used on input line 943.
(pdftex.def)             Requested size: 267.39651pt x 153.57231pt.
 [45 <./residual.png>] [46

]
Rozdzia\l  4.
[47] <cancer.jpg, id=228, 223.0734pt x 181.8795pt>
File: cancer.jpg Graphic file (type jpg)
 <use cancer.jpg>
Package pdftex.def Info: cancer.jpg used on input line 981.
(pdftex.def)             Requested size: 312.30061pt x 254.62955pt.
 [48 <./cancer.jpg>]
Overfull \hbox (11.2042pt too wide) in paragraph at lines 1018--1019
[]\T1/cmr/m/n/10.95 warstwy kon-wo-lu-cyj-nej \T1/cmr/m/it/10.95 K \T1/cmr/m/n/
10.95 o pa-ra-me-trach fil-tra $\OT1/cmr/m/n/10.95 (\OML/cmm/m/it/10.95 f[]; f[
]; c\OT1/cmr/m/n/10.95 )  =  (3\OML/cmm/m/it/10.95 ; \OT1/cmr/m/n/10.95 3\OML/c
mm/m/it/10.95 ; \OT1/cmr/m/n/10.95 64)$ \T1/cmr/m/n/10.95 oraz kro-kach $\OT1/c
mr/m/n/10.95 (\OML/cmm/m/it/10.95 s[]; s[]\OT1/cmr/m/n/10.95 )  =
 []


Overfull \hbox (11.2042pt too wide) in paragraph at lines 1033--1034
[]\T1/cmr/m/n/10.95 warstwy kon-wo-lu-cyj-nej \T1/cmr/m/it/10.95 K \T1/cmr/m/n/
10.95 o pa-ra-me-trach fil-tra $\OT1/cmr/m/n/10.95 (\OML/cmm/m/it/10.95 f[]; f[
]; c\OT1/cmr/m/n/10.95 )  =  (3\OML/cmm/m/it/10.95 ; \OT1/cmr/m/n/10.95 3\OML/c
mm/m/it/10.95 ; \OT1/cmr/m/n/10.95 64)$ \T1/cmr/m/n/10.95 oraz kro-kach $\OT1/c
mr/m/n/10.95 (\OML/cmm/m/it/10.95 s[]; s[]\OT1/cmr/m/n/10.95 )  =
 []

<stem-schema.png, id=233, 1156.32pt x 867.24pt>
File: stem-schema.png Graphic file (type png)
 <use stem-schema.png>
Package pdftex.def Info: stem-schema.png used on input line 1040.
(pdftex.def)             Requested size: 323.7674pt x 242.82555pt.

<network-schema.png, id=234, 1156.32pt x 867.24pt>
File: network-schema.png Graphic file (type png)
 <use network-schema.png>
Package pdftex.def Info: network-schema.png used on input line 1046.
(pdftex.def)             Requested size: 485.6511pt x 364.23833pt.

Overfull \hbox (44.63336pt too wide) in paragraph at lines 1046--1047
 [][] 
 []

[49] [50 <./stem-schema.png>] [51 <./network-schema.png>]
Overfull \hbox (17.48772pt too wide) in paragraph at lines 1077--1078
\T1/cmr/m/n/10.95 Model zo-staª za-im-ple-men-to-wany przy po-mocy pa-kietu \T1
/cmtt/m/n/10.95 Keras \T1/cmr/m/n/10.95 [[]] opar-tym na pa-kie-cie \T1/cmtt/m/
n/10.95 TensorFlow
 []

[52] <kather-cm.png, id=249, 602.25pt x 481.8pt>
File: kather-cm.png Graphic file (type png)
 <use kather-cm.png>
Package pdftex.def Info: kather-cm.png used on input line 1117.
(pdftex.def)             Requested size: 391.45786pt x 313.16628pt.

<marcin-cm.png, id=250, 1027.84pt x 1064.97874pt>
File: marcin-cm.png Graphic file (type png)
 <use marcin-cm.png>
Package pdftex.def Info: marcin-cm.png used on input line 1123.
(pdftex.def)             Requested size: 277.52051pt x 287.5481pt.

<roc-kather.png, id=251, 602.25pt x 481.8pt>
File: roc-kather.png Graphic file (type png)
 <use roc-kather.png>
Package pdftex.def Info: roc-kather.png used on input line 1129.
(pdftex.def)             Requested size: 391.45786pt x 313.16628pt.

<marcin-roc.png, id=252, 619.31375pt x 599.23875pt>
File: marcin-roc.png Graphic file (type png)
 <use marcin-roc.png>
Package pdftex.def Info: marcin-roc.png used on input line 1135.
(pdftex.def)             Requested size: 260.11pt x 251.67856pt.

[53 <./kather-cm.png>] [54 <./marcin-cm.png> <./roc-kather.png>] [55 <./marcin-
roc.png>] [56

]
Rozdzia\l  5.
[57] [58

] [59] [60]
Underfull \hbox (badness 1226) in paragraph at lines 1354--1357
[]\T1/cmr/m/n/10.95 Rethinking the In-cep-tion Ar-chi-tec-ture for Com-pu-ter V
i-sion, Ch. Sze-gedy et al,
 []

[61] [62] (./Praca Magisterska - MM.aux) ) 
Here is how much of TeX's memory you used:
 4651 strings out of 493013
 64800 string characters out of 6135682
 146152 words of memory out of 5000000
 8055 multiletter control sequences out of 15000+600000
 26708 words of font info for 67 fonts, out of 8000000 for 9000
 1141 hyphenation exceptions out of 8191
 39i,12n,25p,1562b,463s stack positions out of 5000i,500n,10000p,200000b,80000s
{/usr/share/texmf/fonts/enc/dvips/cm-
super/cm-super-t1.enc}</usr/share/texlive/texmf-dist/fonts/type1/public/amsfont
s/cm/cmbx10.pfb></usr/share/texlive/texmf-dist/fonts/type1/public/amsfonts/cm/c
mex10.pfb></usr/share/texlive/texmf-dist/fonts/type1/public/amsfonts/cm/cmmi10.
pfb></usr/share/texlive/texmf-dist/fonts/type1/public/amsfonts/cm/cmmi6.pfb></u
sr/share/texlive/texmf-dist/fonts/type1/public/amsfonts/cm/cmmi8.pfb></usr/shar
e/texlive/texmf-dist/fonts/type1/public/amsfonts/cm/cmr10.pfb></usr/share/texli
ve/texmf-dist/fonts/type1/public/amsfonts/cm/cmr6.pfb></usr/share/texlive/texmf
-dist/fonts/type1/public/amsfonts/cm/cmr8.pfb></usr/share/texlive/texmf-dist/fo
nts/type1/public/amsfonts/cm/cmss10.pfb></usr/share/texlive/texmf-dist/fonts/ty
pe1/public/amsfonts/cm/cmss8.pfb></usr/share/texlive/texmf-dist/fonts/type1/pub
lic/amsfonts/cm/cmsy10.pfb></usr/share/texlive/texmf-dist/fonts/type1/public/am
sfonts/cm/cmsy6.pfb></usr/share/texlive/texmf-dist/fonts/type1/public/amsfonts/
cm/cmsy8.pfb></usr/share/texlive/texmf-dist/fonts/type1/public/amsfonts/cm/cmtt
10.pfb></usr/share/texlive/texmf-dist/fonts/type1/public/amsfonts/symbols/msbm1
0.pfb></usr/share/texmf/fonts/type1/public/cm-super/sfbi1095.pfb></usr/share/te
xmf/fonts/type1/public/cm-super/sfbx1095.pfb></usr/share/texmf/fonts/type1/publ
ic/cm-super/sfbx1200.pfb></usr/share/texmf/fonts/type1/public/cm-super/sfbx1440
.pfb></usr/share/texmf/fonts/type1/public/cm-super/sfbx1728.pfb></usr/share/tex
mf/fonts/type1/public/cm-super/sfbx2074.pfb></usr/share/texmf/fonts/type1/publi
c/cm-super/sfbx2488.pfb></usr/share/texmf/fonts/type1/public/cm-super/sfcc1095.
pfb></usr/share/texmf/fonts/type1/public/cm-super/sfrm1095.pfb></usr/share/texm
f/fonts/type1/public/cm-super/sfrm1200.pfb></usr/share/texmf/fonts/type1/public
/cm-super/sfrm1728.pfb></usr/share/texmf/fonts/type1/public/cm-super/sfti1095.p
fb></usr/share/texmf/fonts/type1/public/cm-super/sftt1095.pfb>
Output written on "Praca Magisterska - MM.pdf" (64 pages, 2438860 bytes).
PDF statistics:
 380 PDF objects out of 1000 (max. 8388607)
 229 compressed objects within 3 object streams
 0 named destinations out of 1000 (max. 500000)
 156 words of extra memory for PDF output out of 10000 (max. 10000000)

