This is pdfTeX, Version 3.1415926-2.5-1.40.14 (TeX Live 2013/Debian) (format=latex 2014.12.8)  15 SEP 2015 21:46
entering extended mode
 restricted \write18 enabled.
 %&-line parsing enabled.
**rblarba.tex
(./rblarba.tex
LaTeX2e <2011/06/27>
Babel <3.9h> and hyphenation patterns for 78 languages loaded.
(./pracamgr.cls
Document Class: pracamgr 2006/05/05 v0.5.0 Praca magisterska
(/usr/share/texlive/texmf-dist/tex/latex/base/report.cls
Document Class: report 2007/10/19 v1.4h Standard LaTeX document class
(/usr/share/texlive/texmf-dist/tex/latex/base/size11.clo
File: size11.clo 2007/10/19 v1.4h Standard LaTeX file (size option)
)
\c@part=\count79
\c@chapter=\count80
\c@section=\count81
\c@subsection=\count82
\c@subsubsection=\count83
\c@paragraph=\count84
\c@subparagraph=\count85
\c@figure=\count86
\c@table=\count87
\abovecaptionskip=\skip41
\belowcaptionskip=\skip42
\bibindent=\dimen102
))
(/usr/share/texlive/texmf-dist/tex/latex/polski/polski.sty
Package: polski 2008/02/24 v1.3.3 Polish language package

Document language package `polski' v1.3.3 <2008/02/24>
   Switching to Polish text encoding and Polish maths fonts.
(/usr/share/texlive/texmf-dist/tex/latex/base/ot4enc.def
File: ot4enc.def 2005/09/27 v1.99g Standard LaTeX file
)
LaTeX Font Info:    Try loading font information for OT4+cmr on input line 346.


(/usr/share/texlive/texmf-dist/tex/latex/polski/ot4cmr.fd
File: ot4cmr.fd 2008/02/24 v1.2.1 Font defs for fonts PL (MW)
)
LaTeX Font Info:    Overwriting math alphabet `\mathbf' in version `normal'
(Font)                  OT1/cmr/bx/n --> OT4/cmr/bx/n on input line 346.
LaTeX Font Info:    Overwriting math alphabet `\mathsf' in version `normal'
(Font)                  OT1/cmss/m/n --> OT4/cmss/m/n on input line 346.
LaTeX Font Info:    Overwriting math alphabet `\mathit' in version `normal'
(Font)                  OT1/cmr/m/it --> OT4/cmr/m/it on input line 346.
LaTeX Font Info:    Overwriting math alphabet `\mathtt' in version `normal'
(Font)                  OT1/cmtt/m/n --> OT4/cmtt/m/n on input line 346.
LaTeX Font Info:    Overwriting math alphabet `\mathsf' in version `bold'
(Font)                  OT1/cmss/bx/n --> OT4/cmss/bx/n on input line 346.
LaTeX Font Info:    Overwriting math alphabet `\mathit' in version `bold'
(Font)                  OT1/cmr/bx/it --> OT4/cmr/bx/it on input line 346.
LaTeX Font Info:    Encoding `OT1' has changed to `OT4' for symbol font
(Font)              `operators' in the math version `normal' on input line 346.

LaTeX Font Info:    Overwriting symbol font `operators' in version `normal'
(Font)                  OT1/cmr/m/n --> OT4/cmr/m/n on input line 346.
LaTeX Font Info:    Overwriting symbol font `letters' in version `normal'
(Font)                  OML/cmm/m/it --> OML/plm/m/it on input line 346.
LaTeX Font Info:    Overwriting symbol font `symbols' in version `normal'
(Font)                  OMS/cmsy/m/n --> OMS/plsy/m/n on input line 346.
LaTeX Font Info:    Overwriting symbol font `largesymbols' in version `normal'
(Font)                  OMX/cmex/m/n --> OMX/plex/m/n on input line 346.
LaTeX Font Info:    Encoding `OT1' has changed to `OT4' for symbol font
(Font)              `operators' in the math version `bold' on input line 346.
LaTeX Font Info:    Overwriting symbol font `operators' in version `bold'
(Font)                  OT1/cmr/bx/n --> OT4/cmr/bx/n on input line 346.
LaTeX Font Info:    Overwriting symbol font `letters' in version `bold'
(Font)                  OML/cmm/b/it --> OML/plm/b/it on input line 346.
LaTeX Font Info:    Overwriting symbol font `symbols' in version `bold'
(Font)                  OMS/cmsy/b/n --> OMS/plsy/b/n on input line 346.
)
(/usr/share/texlive/texmf-dist/tex/latex/base/inputenc.sty
Package: inputenc 2008/03/30 v1.1d Input encoding file
\inpenc@prehook=\toks14
\inpenc@posthook=\toks15

(/usr/share/texlive/texmf-dist/tex/latex/base/latin2.def
File: latin2.def 2008/03/30 v1.1d Input encoding file
))
\c@defi=\count88

No file rblarba.aux.
\openout1 = `rblarba.aux'.

LaTeX Font Info:    Checking defaults for OML/cmm/m/it on input line 90.
LaTeX Font Info:    ... okay on input line 90.
LaTeX Font Info:    Checking defaults for T1/cmr/m/n on input line 90.
LaTeX Font Info:    ... okay on input line 90.
LaTeX Font Info:    Checking defaults for OT1/cmr/m/n on input line 90.
LaTeX Font Info:    ... okay on input line 90.
LaTeX Font Info:    Checking defaults for OMS/cmsy/m/n on input line 90.
LaTeX Font Info:    ... okay on input line 90.
LaTeX Font Info:    Checking defaults for OMX/cmex/m/n on input line 90.
LaTeX Font Info:    ... okay on input line 90.
LaTeX Font Info:    Checking defaults for U/cmr/m/n on input line 90.
LaTeX Font Info:    ... okay on input line 90.
LaTeX Font Info:    Checking defaults for OT4/cmr/m/n on input line 90.
LaTeX Font Info:    ... okay on input line 90.
LaTeX Font Info:    Try loading font information for OML+plm on input line 91.
(/usr/share/texlive/texmf-dist/tex/latex/polski/omlplm.fd
File: omlplm.fd 2008/02/24 v1.2.1 Font defs for fonts PL (MW)
)
LaTeX Font Info:    Try loading font information for OMS+plsy on input line 91.


(/usr/share/texlive/texmf-dist/tex/latex/polski/omsplsy.fd
File: omsplsy.fd 2008/02/24 v1.2.1 Font defs for fonts PL (MW)
)
LaTeX Font Info:    Try loading font information for OMX+plex on input line 91.


(/usr/share/texlive/texmf-dist/tex/latex/polski/omxplex.fd
File: omxplex.fd 2008/02/24 v1.2.1 Font defs for fonts PL (MW)
)
LaTeX Font Info:    External font `plex10' loaded for size
(Font)              <24.88> on input line 91.
LaTeX Font Info:    External font `plex10' loaded for size
(Font)              <20.74> on input line 91.
LaTeX Font Info:    External font `plex10' loaded for size
(Font)              <17.28> on input line 91.
LaTeX Font Info:    External font `plex10' loaded for size
(Font)              <12> on input line 91.
LaTeX Font Info:    External font `plex10' loaded for size
(Font)              <8> on input line 91.
LaTeX Font Info:    External font `plex10' loaded for size
(Font)              <6> on input line 91.
 [1

] [2]
LaTeX Font Info:    External font `plex10' loaded for size
(Font)              <10.95> on input line 96.

Underfull \hbox (badness 10000) in paragraph at lines 101--101

 []

[1] [2

]
No file rblarba.toc.
\tf@toc=\write3
\openout3 = `rblarba.toc'.

[3

] [4

]

LaTeX Warning: Citation `ffgg' on page 5 undefined on input line 117.


LaTeX Warning: Reference `r:pojecia' on page 5 undefined on input line 121.


LaTeX Warning: Reference `r:losers' on page 5 undefined on input line 123.


LaTeX Warning: Reference `r:fifak' on page 5 undefined on input line 124.


LaTeX Warning: Reference `r:impl' on page 5 undefined on input line 125.

[5] [6

]
Rozdzia\PlPrIeC {\l } 1.

LaTeX Warning: Citation `grglo' on page 7 undefined on input line 162.


LaTeX Warning: Citation `JR' on page 7 undefined on input line 171.

[7]
LaTeX Font Info:    Try loading font information for OMS+cmr on input line 186.

 (/usr/share/texlive/texmf-dist/tex/latex/base/omscmr.fd
File: omscmr.fd 1999/05/25 v2.5h Standard LaTeX font definitions
)
LaTeX Font Info:    Font shape `OMS/cmr/m/n' in size <10.95> not available
(Font)              Font shape `OMS/cmsy/m/n' tried instead on input line 186.
LaTeX Font Info:    External font `plex10' loaded for size
(Font)              <9> on input line 192.
LaTeX Font Info:    External font `plex10' loaded for size
(Font)              <5> on input line 192.
 [8]
Rozdzia\PlPrIeC {\l } 2.

LaTeX Warning: Citation `heu' on page 9 undefined on input line 220.


LaTeX Warning: Citation `ff-sr' on page 9 undefined on input line 223.


LaTeX Warning: Citation `grglo' on page 9 undefined on input line 230.

LaTeX Font Info:    External font `plex10' loaded for size
(Font)              <14.4> on input line 244.
LaTeX Font Info:    External font `plex10' loaded for size
(Font)              <10> on input line 244.
LaTeX Font Info:    External font `plex10' loaded for size
(Font)              <7> on input line 244.
[9

]

LaTeX Warning: Citation `ff-sr' on page 10 undefined on input line 253.

[10]
Rozdzia\PlPrIeC {\l } 3.

LaTeX Warning: Citation `russell' on page 11 undefined on input line 271.


LaTeX Warning: Citation `spyrpt' on page 11 undefined on input line 271.


LaTeX Warning: Citation `JR' on page 11 undefined on input line 271.


LaTeX Warning: Citation `beaman' on page 11 undefined on input line 271.


LaTeX Warning: Citation `hopp' on page 11 undefined on input line 271.


LaTeX Warning: Citation `srinis' on page 11 undefined on input line 271.


LaTeX Warning: Citation `leuk' on page 11 undefined on input line 272.


LaTeX Warning: Citation `hopp' on page 11 undefined on input line 278.

[11

] [12

]
Rozdzia\PlPrIeC {\l } 4.
LaTeX Font Info:    Try loading font information for OT4+cmtt on input line 286
.
(/usr/share/texlive/texmf-dist/tex/latex/polski/ot4cmtt.fd
File: ot4cmtt.fd 2008/02/24 v1.2.1 Font defs for fonts PL (MW)
) [13] [14

]
Rozdzia\PlPrIeC {\l } 5.
[15] [16

]
Dodatek A.
[17] [18

]
Dodatek B.
[19] [20

]
Dodatek C.
[21] [22

] [23] (./rblarba.aux)

LaTeX Warning: There were undefined references.


LaTeX Warning: Label(s) may have changed. Rerun to get cross-references right.

 ) 
Here is how much of TeX's memory you used:
 630 strings out of 493305
 7989 string characters out of 6139897
 61560 words of memory out of 5000000
 4115 multiletter control sequences out of 15000+600000
 22682 words of font info for 62 fonts, out of 8000000 for 9000
 957 hyphenation exceptions out of 8191
 27i,8n,24p,252b,287s stack positions out of 5000i,500n,10000p,200000b,80000s

Output written on rblarba.dvi (25 pages, 22096 bytes).
